# JRE version: OpenJDK Runtime Environment Corretto-11.0.18.10.1 (11.0.18+10) (build 11.0.18+10-LTS)
# Java VM: OpenJDK 64-Bit Server VM Corretto-11.0.18.10.1 (11.0.18+10-LTS, mixed mode, tiered, compressed oops, g1 gc, windows-amd64)
Heap:
 garbage-first heap   total 129024K, used 81729K [0x0000000080000000, 0x0000000100000000)
  region size 1024K, 43 young (44032K), 3 survivors (3072K)
 Metaspace       used 40218K, capacity 41403K, committed 41648K, reserved 1085440K
  class space    used 5174K, capacity 5584K, committed 5632K, reserved 1048576K
GC Heap History (16 events):
Event: 8.719 GC heap before
{Heap before GC invocations=0 (full 0):
 garbage-first heap   total 129024K, used 16384K [0x0000000080000000, 0x0000000100000000)
  region size 1024K, 14 young (14336K), 0 survivors (0K)
 Metaspace       used 6781K, capacity 6983K, committed 7168K, reserved 1056768K
  class space    used 571K, capacity 649K, committed 768K, reserved 1048576K
}
Event: 8.746 GC heap after
{Heap after GC invocations=1 (full 0):
 garbage-first heap   total 129024K, used 4073K [0x0000000080000000, 0x0000000100000000)
  region size 1024K, 2 young (2048K), 2 survivors (2048K)
 Metaspace       used 6781K, capacity 6983K, committed 7168K, reserved 1056768K
  class space    used 571K, capacity 649K, committed 768K, reserved 1048576K
}
Event: 9.945 GC heap before
{Heap before GC invocations=1 (full 0):
 garbage-first heap   total 129024K, used 19433K [0x0000000080000000, 0x0000000100000000)
  region size 1024K, 14 young (14336K), 2 survivors (2048K)
 Metaspace       used 9910K, capacity 10112K, committed 10368K, reserved 1058816K
  class space    used 1010K, capacity 1101K, committed 1152K, reserved 1048576K
}
Event: 9.949 GC heap after
{Heap after GC invocations=2 (full 0):
 garbage-first heap   total 129024K, used 9216K [0x0000000080000000, 0x0000000100000000)
  region size 1024K, 2 young (2048K), 2 survivors (2048K)
 Metaspace       used 9910K, capacity 10112K, committed 10368K, reserved 1058816K
  class space    used 1010K, capacity 1101K, committed 1152K, reserved 1048576K
}
Event: 20.643 GC heap before
{Heap before GC invocations=2 (full 0):
 garbage-first heap   total 129024K, used 40960K [0x0000000080000000, 0x0000000100000000)
  region size 1024K, 33 young (33792K), 2 survivors (2048K)
 Metaspace       used 10971K, capacity 11195K, committed 11520K, reserved 1058816K
  class space    used 1114K, capacity 1206K, committed 1280K, reserved 1048576K
}
Event: 20.651 GC heap after
{Heap after GC invocations=3 (full 0):
 garbage-first heap   total 129024K, used 13640K [0x0000000080000000, 0x0000000100000000)
  region size 1024K, 5 young (5120K), 5 survivors (5120K)
 Metaspace       used 10971K, capacity 11195K, committed 11520K, reserved 1058816K
  class space    used 1114K, capacity 1206K, committed 1280K, reserved 1048576K
}
Event: 132.552 GC heap before
{Heap before GC invocations=3 (full 0):
 garbage-first heap   total 129024K, used 57672K [0x0000000080000000, 0x0000000100000000)
  region size 1024K, 48 young (49152K), 5 survivors (5120K)
 Metaspace       used 19153K, capacity 19583K, committed 19840K, reserved 1067008K
  class space    used 2230K, capacity 2395K, committed 2432K, reserved 1048576K
}
Event: 132.572 GC heap after
{Heap after GC invocations=4 (full 0):
 garbage-first heap   total 129024K, used 16575K [0x0000000080000000, 0x0000000100000000)
  region size 1024K, 6 young (6144K), 6 survivors (6144K)
 Metaspace       used 19153K, capacity 19583K, committed 19840K, reserved 1067008K
  class space    used 2230K, capacity 2395K, committed 2432K, reserved 1048576K
}
Event: 132.909 GC heap before
{Heap before GC invocations=4 (full 0):
 garbage-first heap   total 129024K, used 29887K [0x0000000080000000, 0x0000000100000000)
  region size 1024K, 20 young (20480K), 6 survivors (6144K)
 Metaspace       used 20791K, capacity 21186K, committed 21296K, reserved 1069056K
  class space    used 2474K, capacity 2631K, committed 2688K, reserved 1048576K
}
Event: 132.914 GC heap after
{Heap after GC invocations=5 (full 0):
 garbage-first heap   total 129024K, used 16927K [0x0000000080000000, 0x0000000100000000)
  region size 1024K, 4 young (4096K), 4 survivors (4096K)
 Metaspace       used 20791K, capacity 21186K, committed 21296K, reserved 1069056K
  class space    used 2474K, capacity 2631K, committed 2688K, reserved 1048576K
}
Event: 134.310 GC heap before
{Heap before GC invocations=6 (full 0):
 garbage-first heap   total 129024K, used 63007K [0x0000000080000000, 0x0000000100000000)
  region size 1024K, 50 young (51200K), 4 survivors (4096K)
 Metaspace       used 25144K, capacity 25691K, committed 25904K, reserved 1071104K
  class space    used 3192K, capacity 3395K, committed 3456K, reserved 1048576K
}
Event: 134.315 GC heap after
{Heap after GC invocations=7 (full 0):
 garbage-first heap   total 129024K, used 18596K [0x0000000080000000, 0x0000000100000000)
  region size 1024K, 5 young (5120K), 5 survivors (5120K)
 Metaspace       used 25144K, capacity 25691K, committed 25904K, reserved 1071104K
  class space    used 3192K, capacity 3395K, committed 3456K, reserved 1048576K
}
Event: 137.726 GC heap before
{Heap before GC invocations=7 (full 0):
 garbage-first heap   total 129024K, used 87204K [0x0000000080000000, 0x0000000100000000)
  region size 1024K, 58 young (59392K), 5 survivors (5120K)
 Metaspace       used 29978K, capacity 30864K, committed 31152K, reserved 1077248K
  class space    used 3946K, capacity 4246K, committed 4352K, reserved 1048576K
}
Event: 137.735 GC heap after
{Heap after GC invocations=8 (full 0):
 garbage-first heap   total 129024K, used 39739K [0x0000000080000000, 0x0000000100000000)
  region size 1024K, 8 young (8192K), 8 survivors (8192K)
 Metaspace       used 29978K, capacity 30864K, committed 31152K, reserved 1077248K
  class space    used 3946K, capacity 4246K, committed 4352K, reserved 1048576K
}
Event: 139.780 GC heap before
{Heap before GC invocations=8 (full 0):
 garbage-first heap   total 129024K, used 78651K [0x0000000080000000, 0x0000000100000000)
  region size 1024K, 47 young (48128K), 8 survivors (8192K)
 Metaspace       used 34635K, capacity 35634K, committed 35888K, reserved 1081344K
  class space    used 4638K, capacity 4986K, committed 4992K, reserved 1048576K
}
Event: 139.798 GC heap after
{Heap after GC invocations=9 (full 0):
 garbage-first heap   total 129024K, used 41793K [0x0000000080000000, 0x0000000100000000)
  region size 1024K, 3 young (3072K), 3 survivors (3072K)
 Metaspace       used 34635K, capacity 35634K, committed 35888K, reserved 1081344K
  class space    used 4638K, capacity 4986K, committed 4992K, reserved 1048576K
}

