# JRE version: OpenJDK Runtime Environment Corretto-11.0.18.10.1 (11.0.18+10) (build 11.0.18+10-LTS)
# Java VM: OpenJDK 64-Bit Server VM Corretto-11.0.18.10.1 (11.0.18+10-LTS, mixed mode, tiered, compressed oops, g1 gc, windows-amd64)
Heap:
 garbage-first heap   total 374784K, used 134570K [0x0000000080000000, 0x0000000100000000)
  region size 1024K, 1 young (1024K), 1 survivors (1024K)
 Metaspace       used 130144K, capacity 134296K, committed 134812K, reserved 1165312K
  class space    used 16649K, capacity 18202K, committed 18432K, reserved 1048576K
GC Heap History (20 events):
Event: 194.004 GC heap after
{Heap after GC invocations=59 (full 0):
 garbage-first heap   total 187392K, used 154465K [0x0000000080000000, 0x0000000100000000)
  region size 1024K, 2 young (2048K), 2 survivors (2048K)
 Metaspace       used 129672K, capacity 133968K, committed 134300K, reserved 1165312K
  class space    used 16697K, capacity 18285K, committed 18432K, reserved 1048576K
}
Event: 194.032 GC heap before
{Heap before GC invocations=59 (full 0):
 garbage-first heap   total 187392K, used 161633K [0x0000000080000000, 0x0000000100000000)
  region size 1024K, 10 young (10240K), 2 survivors (2048K)
 Metaspace       used 129687K, capacity 133969K, committed 134300K, reserved 1165312K
  class space    used 16697K, capacity 18285K, committed 18432K, reserved 1048576K
}
Event: 194.036 GC heap after
{Heap after GC invocations=60 (full 0):
 garbage-first heap   total 187392K, used 156164K [0x0000000080000000, 0x0000000100000000)
  region size 1024K, 2 young (2048K), 2 survivors (2048K)
 Metaspace       used 129687K, capacity 133969K, committed 134300K, reserved 1165312K
  class space    used 16697K, capacity 18285K, committed 18432K, reserved 1048576K
}
Event: 194.068 GC heap before
{Heap before GC invocations=60 (full 0):
 garbage-first heap   total 187392K, used 163332K [0x0000000080000000, 0x0000000100000000)
  region size 1024K, 9 young (9216K), 2 survivors (2048K)
 Metaspace       used 129704K, capacity 133971K, committed 134300K, reserved 1165312K
  class space    used 16697K, capacity 18285K, committed 18432K, reserved 1048576K
}
Event: 194.074 GC heap after
{Heap after GC invocations=61 (full 0):
 garbage-first heap   total 187392K, used 159481K [0x0000000080000000, 0x0000000100000000)
  region size 1024K, 2 young (2048K), 2 survivors (2048K)
 Metaspace       used 129704K, capacity 133971K, committed 134300K, reserved 1165312K
  class space    used 16697K, capacity 18285K, committed 18432K, reserved 1048576K
}
Event: 194.143 GC heap before
{Heap before GC invocations=61 (full 0):
 garbage-first heap   total 187392K, used 166649K [0x0000000080000000, 0x0000000100000000)
  region size 1024K, 9 young (9216K), 2 survivors (2048K)
 Metaspace       used 129754K, capacity 134040K, committed 134300K, reserved 1165312K
  class space    used 16697K, capacity 18285K, committed 18432K, reserved 1048576K
}
Event: 194.151 GC heap after
{Heap after GC invocations=62 (full 0):
 garbage-first heap   total 187392K, used 161496K [0x0000000080000000, 0x0000000100000000)
  region size 1024K, 2 young (2048K), 2 survivors (2048K)
 Metaspace       used 129754K, capacity 134040K, committed 134300K, reserved 1165312K
  class space    used 16697K, capacity 18285K, committed 18432K, reserved 1048576K
}
Event: 194.279 GC heap before
{Heap before GC invocations=62 (full 0):
 garbage-first heap   total 187392K, used 168664K [0x0000000080000000, 0x0000000100000000)
  region size 1024K, 9 young (9216K), 2 survivors (2048K)
 Metaspace       used 129809K, capacity 134112K, committed 134300K, reserved 1165312K
  class space    used 16697K, capacity 18285K, committed 18432K, reserved 1048576K
}
Event: 194.283 GC heap after
{Heap after GC invocations=63 (full 0):
 garbage-first heap   total 187392K, used 162181K [0x0000000080000000, 0x0000000100000000)
  region size 1024K, 1 young (1024K), 1 survivors (1024K)
 Metaspace       used 129809K, capacity 134112K, committed 134300K, reserved 1165312K
  class space    used 16697K, capacity 18285K, committed 18432K, reserved 1048576K
}
Event: 194.562 GC heap before
{Heap before GC invocations=64 (full 0):
 garbage-first heap   total 187392K, used 169349K [0x0000000080000000, 0x0000000100000000)
  region size 1024K, 9 young (9216K), 1 survivors (1024K)
 Metaspace       used 129912K, capacity 134075K, committed 134556K, reserved 1165312K
  class space    used 16649K, capacity 18202K, committed 18432K, reserved 1048576K
}
Event: 194.564 GC heap after
{Heap after GC invocations=65 (full 0):
 garbage-first heap   total 187392K, used 160545K [0x0000000080000000, 0x0000000100000000)
  region size 1024K, 1 young (1024K), 1 survivors (1024K)
 Metaspace       used 129912K, capacity 134075K, committed 134556K, reserved 1165312K
  class space    used 16649K, capacity 18202K, committed 18432K, reserved 1048576K
}
Event: 194.631 GC heap before
{Heap before GC invocations=65 (full 0):
 garbage-first heap   total 187392K, used 168737K [0x0000000080000000, 0x0000000100000000)
  region size 1024K, 9 young (9216K), 1 survivors (1024K)
 Metaspace       used 129915K, capacity 134075K, committed 134556K, reserved 1165312K
  class space    used 16649K, capacity 18202K, committed 18432K, reserved 1048576K
}
Event: 194.639 GC heap after
{Heap after GC invocations=66 (full 0):
 garbage-first heap   total 187392K, used 142234K [0x0000000080000000, 0x0000000100000000)
  region size 1024K, 2 young (2048K), 2 survivors (2048K)
 Metaspace       used 129915K, capacity 134075K, committed 134556K, reserved 1165312K
  class space    used 16649K, capacity 18202K, committed 18432K, reserved 1048576K
}
Event: 194.708 GC heap before
{Heap before GC invocations=66 (full 0):
 garbage-first heap   total 187392K, used 148378K [0x0000000080000000, 0x0000000100000000)
  region size 1024K, 9 young (9216K), 2 survivors (2048K)
 Metaspace       used 129992K, capacity 134150K, committed 134556K, reserved 1165312K
  class space    used 16649K, capacity 18202K, committed 18432K, reserved 1048576K
}
Event: 194.730 GC heap after
{Heap after GC invocations=67 (full 0):
 garbage-first heap   total 187392K, used 130745K [0x0000000080000000, 0x0000000100000000)
  region size 1024K, 1 young (1024K), 1 survivors (1024K)
 Metaspace       used 129992K, capacity 134150K, committed 134556K, reserved 1165312K
  class space    used 16649K, capacity 18202K, committed 18432K, reserved 1048576K
}
Event: 194.984 GC heap before
{Heap before GC invocations=67 (full 0):
 garbage-first heap   total 187392K, used 138937K [0x0000000080000000, 0x0000000100000000)
  region size 1024K, 9 young (9216K), 1 survivors (1024K)
 Metaspace       used 130045K, capacity 134223K, committed 134812K, reserved 1165312K
  class space    used 16649K, capacity 18202K, committed 18432K, reserved 1048576K
}
Event: 195.006 GC heap after
{Heap after GC invocations=68 (full 0):
 garbage-first heap   total 187392K, used 127730K [0x0000000080000000, 0x0000000100000000)
  region size 1024K, 1 young (1024K), 1 survivors (1024K)
 Metaspace       used 130045K, capacity 134223K, committed 134812K, reserved 1165312K
  class space    used 16649K, capacity 18202K, committed 18432K, reserved 1048576K
}
Event: 195.363 GC heap before
{Heap before GC invocations=68 (full 0):
 garbage-first heap   total 187392K, used 145138K [0x0000000080000000, 0x0000000100000000)
  region size 1024K, 19 young (19456K), 1 survivors (1024K)
 Metaspace       used 130144K, capacity 134296K, committed 134812K, reserved 1165312K
  class space    used 16649K, capacity 18202K, committed 18432K, reserved 1048576K
}
Event: 195.375 GC heap after
{Heap after GC invocations=69 (full 0):
 garbage-first heap   total 187392K, used 134720K [0x0000000080000000, 0x0000000100000000)
  region size 1024K, 3 young (3072K), 3 survivors (3072K)
 Metaspace       used 130144K, capacity 134296K, committed 134812K, reserved 1165312K
  class space    used 16649K, capacity 18202K, committed 18432K, reserved 1048576K
}
Event: 195.385 GC heap before
{Heap before GC invocations=69 (full 0):
 garbage-first heap   total 187392K, used 135744K [0x0000000080000000, 0x0000000100000000)
  region size 1024K, 5 young (5120K), 3 survivors (3072K)
 Metaspace       used 130144K, capacity 134296K, committed 134812K, reserved 1165312K
  class space    used 16649K, capacity 18202K, committed 18432K, reserved 1048576K
}

