# JRE version: OpenJDK Runtime Environment Corretto-11.0.18.10.1 (11.0.18+10) (build 11.0.18+10-LTS)
# Java VM: OpenJDK 64-Bit Server VM Corretto-11.0.18.10.1 (11.0.18+10-LTS, mixed mode, tiered, compressed oops, g1 gc, windows-amd64)
Heap:
 garbage-first heap   total 270336K, used 171878K [0x0000000080000000, 0x0000000100000000)
  region size 1024K, 61 young (62464K), 9 survivors (9216K)
 Metaspace       used 113615K, capacity 116602K, committed 116864K, reserved 1150976K
  class space    used 14293K, capacity 15413K, committed 15488K, reserved 1048576K
GC Heap History (20 events):
Event: 18.193 GC heap before
{Heap before GC invocations=27 (full 0):
 garbage-first heap   total 270336K, used 131584K [0x0000000080000000, 0x0000000100000000)
  region size 1024K, 8 young (8192K), 6 survivors (6144K)
 Metaspace       used 92158K, capacity 94537K, committed 94848K, reserved 1130496K
  class space    used 11928K, capacity 12894K, committed 12928K, reserved 1048576K
}
Event: 18.205 GC heap after
{Heap after GC invocations=28 (full 0):
 garbage-first heap   total 270336K, used 133183K [0x0000000080000000, 0x0000000100000000)
  region size 1024K, 6 young (6144K), 6 survivors (6144K)
 Metaspace       used 92158K, capacity 94537K, committed 94848K, reserved 1130496K
  class space    used 11928K, capacity 12894K, committed 12928K, reserved 1048576K
}
Event: 19.185 GC heap before
{Heap before GC invocations=29 (full 0):
 garbage-first heap   total 270336K, used 183359K [0x0000000080000000, 0x0000000100000000)
  region size 1024K, 47 young (48128K), 6 survivors (6144K)
 Metaspace       used 94824K, capacity 97229K, committed 97536K, reserved 1134592K
  class space    used 12238K, capacity 13214K, committed 13312K, reserved 1048576K
}
Event: 19.200 GC heap after
{Heap after GC invocations=30 (full 0):
 garbage-first heap   total 270336K, used 138092K [0x0000000080000000, 0x0000000100000000)
  region size 1024K, 5 young (5120K), 5 survivors (5120K)
 Metaspace       used 94824K, capacity 97229K, committed 97536K, reserved 1134592K
  class space    used 12238K, capacity 13214K, committed 13312K, reserved 1048576K
}
Event: 19.361 GC heap before
{Heap before GC invocations=30 (full 0):
 garbage-first heap   total 270336K, used 147308K [0x0000000080000000, 0x0000000100000000)
  region size 1024K, 16 young (16384K), 5 survivors (5120K)
 Metaspace       used 94902K, capacity 97357K, committed 97536K, reserved 1134592K
  class space    used 12245K, capacity 13214K, committed 13312K, reserved 1048576K
}
Event: 19.386 GC heap after
{Heap after GC invocations=31 (full 0):
 garbage-first heap   total 270336K, used 143954K [0x0000000080000000, 0x0000000100000000)
  region size 1024K, 6 young (6144K), 6 survivors (6144K)
 Metaspace       used 94902K, capacity 97357K, committed 97536K, reserved 1134592K
  class space    used 12245K, capacity 13214K, committed 13312K, reserved 1048576K
}
Event: 20.107 GC heap before
{Heap before GC invocations=32 (full 0):
 garbage-first heap   total 270336K, used 204370K [0x0000000080000000, 0x0000000100000000)
  region size 1024K, 51 young (52224K), 6 survivors (6144K)
 Metaspace       used 97803K, capacity 100412K, committed 100608K, reserved 1136640K
  class space    used 12483K, capacity 13480K, committed 13568K, reserved 1048576K
}
Event: 20.116 GC heap after
{Heap after GC invocations=33 (full 0):
 garbage-first heap   total 270336K, used 143676K [0x0000000080000000, 0x0000000100000000)
  region size 1024K, 7 young (7168K), 7 survivors (7168K)
 Metaspace       used 97803K, capacity 100412K, committed 100608K, reserved 1136640K
  class space    used 12483K, capacity 13480K, committed 13568K, reserved 1048576K
}
Event: 20.540 GC heap before
{Heap before GC invocations=33 (full 0):
 garbage-first heap   total 270336K, used 194876K [0x0000000080000000, 0x0000000100000000)
  region size 1024K, 57 young (58368K), 7 survivors (7168K)
 Metaspace       used 99782K, capacity 102378K, committed 102528K, reserved 1138688K
  class space    used 12645K, capacity 13640K, committed 13696K, reserved 1048576K
}
Event: 20.546 GC heap after
{Heap after GC invocations=34 (full 0):
 garbage-first heap   total 270336K, used 143208K [0x0000000080000000, 0x0000000100000000)
  region size 1024K, 1 young (1024K), 1 survivors (1024K)
 Metaspace       used 99782K, capacity 102378K, committed 102528K, reserved 1138688K
  class space    used 12645K, capacity 13640K, committed 13696K, reserved 1048576K
}
Event: 21.799 GC heap before
{Heap before GC invocations=35 (full 0):
 garbage-first heap   total 270336K, used 172904K [0x0000000080000000, 0x0000000100000000)
  region size 1024K, 56 young (57344K), 1 survivors (1024K)
 Metaspace       used 100493K, capacity 103086K, committed 103296K, reserved 1138688K
  class space    used 12708K, capacity 13683K, committed 13696K, reserved 1048576K
}
Event: 21.803 GC heap after
{Heap after GC invocations=36 (full 0):
 garbage-first heap   total 270336K, used 116820K [0x0000000080000000, 0x0000000100000000)
  region size 1024K, 2 young (2048K), 2 survivors (2048K)
 Metaspace       used 100493K, capacity 103086K, committed 103296K, reserved 1138688K
  class space    used 12708K, capacity 13683K, committed 13696K, reserved 1048576K
}
Event: 22.049 GC heap before
{Heap before GC invocations=36 (full 0):
 garbage-first heap   total 270336K, used 128084K [0x0000000080000000, 0x0000000100000000)
  region size 1024K, 13 young (13312K), 2 survivors (2048K)
 Metaspace       used 101084K, capacity 103657K, committed 103936K, reserved 1138688K
  class space    used 12769K, capacity 13759K, committed 13824K, reserved 1048576K
}
Event: 22.053 GC heap after
{Heap after GC invocations=37 (full 0):
 garbage-first heap   total 270336K, used 106440K [0x0000000080000000, 0x0000000100000000)
  region size 1024K, 1 young (1024K), 1 survivors (1024K)
 Metaspace       used 101084K, capacity 103657K, committed 103936K, reserved 1138688K
  class space    used 12769K, capacity 13759K, committed 13824K, reserved 1048576K
}
Event: 25.517 GC heap before
{Heap before GC invocations=37 (full 0):
 garbage-first heap   total 270336K, used 188360K [0x0000000080000000, 0x0000000100000000)
  region size 1024K, 82 young (83968K), 1 survivors (1024K)
 Metaspace       used 104123K, capacity 106735K, committed 106880K, reserved 1142784K
  class space    used 13129K, capacity 14125K, committed 14208K, reserved 1048576K
}
Event: 25.526 GC heap after
{Heap after GC invocations=38 (full 0):
 garbage-first heap   total 270336K, used 111163K [0x0000000080000000, 0x0000000100000000)
  region size 1024K, 6 young (6144K), 6 survivors (6144K)
 Metaspace       used 104123K, capacity 106735K, committed 106880K, reserved 1142784K
  class space    used 13129K, capacity 14125K, committed 14208K, reserved 1048576K
}
Event: 26.775 GC heap before
{Heap before GC invocations=38 (full 0):
 garbage-first heap   total 270336K, used 195131K [0x0000000080000000, 0x0000000100000000)
  region size 1024K, 89 young (91136K), 6 survivors (6144K)
 Metaspace       used 107579K, capacity 110268K, committed 110336K, reserved 1144832K
  class space    used 13538K, capacity 14559K, committed 14592K, reserved 1048576K
}
Event: 26.786 GC heap after
{Heap after GC invocations=39 (full 0):
 garbage-first heap   total 270336K, used 115656K [0x0000000080000000, 0x0000000100000000)
  region size 1024K, 10 young (10240K), 10 survivors (10240K)
 Metaspace       used 107579K, capacity 110268K, committed 110336K, reserved 1144832K
  class space    used 13538K, capacity 14559K, committed 14592K, reserved 1048576K
}
Event: 31.092 GC heap before
{Heap before GC invocations=39 (full 0):
 garbage-first heap   total 270336K, used 199624K [0x0000000080000000, 0x0000000100000000)
  region size 1024K, 93 young (95232K), 10 survivors (10240K)
 Metaspace       used 109235K, capacity 112049K, committed 112128K, reserved 1146880K
  class space    used 13716K, capacity 14769K, committed 14848K, reserved 1048576K
}
Event: 31.105 GC heap after
{Heap after GC invocations=40 (full 0):
 garbage-first heap   total 270336K, used 119654K [0x0000000080000000, 0x0000000100000000)
  region size 1024K, 9 young (9216K), 9 survivors (9216K)
 Metaspace       used 109235K, capacity 112049K, committed 112128K, reserved 1146880K
  class space    used 13716K, capacity 14769K, committed 14848K, reserved 1048576K
}

