# JRE version: OpenJDK Runtime Environment Corretto-11.0.18.10.1 (11.0.18+10) (build 11.0.18+10-LTS)
# Java VM: OpenJDK 64-Bit Server VM Corretto-11.0.18.10.1 (11.0.18+10-LTS, mixed mode, tiered, compressed oops, g1 gc, windows-amd64)
Heap:
 garbage-first heap   total 155648K, used 52655K [0x0000000080000000, 0x0000000100000000)
  region size 1024K, 11 young (11264K), 11 survivors (11264K)
 Metaspace       used 56924K, capacity 58223K, committed 58396K, reserved 1107968K
  class space    used 7173K, capacity 7687K, committed 7808K, reserved 1048576K
GC Heap History (20 events):
Event: 0.589 GC heap before
{Heap before GC invocations=0 (full 0):
 garbage-first heap   total 129024K, used 16384K [0x0000000080000000, 0x0000000100000000)
  region size 1024K, 14 young (14336K), 0 survivors (0K)
 Metaspace       used 6753K, capacity 6935K, committed 7168K, reserved 1056768K
  class space    used 571K, capacity 649K, committed 768K, reserved 1048576K
}
Event: 0.596 GC heap after
{Heap after GC invocations=1 (full 0):
 garbage-first heap   total 129024K, used 4294K [0x0000000080000000, 0x0000000100000000)
  region size 1024K, 2 young (2048K), 2 survivors (2048K)
 Metaspace       used 6753K, capacity 6935K, committed 7168K, reserved 1056768K
  class space    used 571K, capacity 649K, committed 768K, reserved 1048576K
}
Event: 1.616 GC heap before
{Heap before GC invocations=1 (full 0):
 garbage-first heap   total 129024K, used 58566K [0x0000000080000000, 0x0000000100000000)
  region size 1024K, 51 young (52224K), 2 survivors (2048K)
 Metaspace       used 11134K, capacity 11331K, committed 11520K, reserved 1058816K
  class space    used 1162K, capacity 1246K, committed 1280K, reserved 1048576K
}
Event: 1.624 GC heap after
{Heap after GC invocations=2 (full 0):
 garbage-first heap   total 129024K, used 14374K [0x0000000080000000, 0x0000000100000000)
  region size 1024K, 7 young (7168K), 7 survivors (7168K)
 Metaspace       used 11134K, capacity 11331K, committed 11520K, reserved 1058816K
  class space    used 1162K, capacity 1246K, committed 1280K, reserved 1048576K
}
Event: 3.054 GC heap before
{Heap before GC invocations=2 (full 0):
 garbage-first heap   total 129024K, used 54310K [0x0000000080000000, 0x0000000100000000)
  region size 1024K, 46 young (47104K), 7 survivors (7168K)
 Metaspace       used 19208K, capacity 19585K, committed 19840K, reserved 1067008K
  class space    used 2255K, capacity 2382K, committed 2432K, reserved 1048576K
}
Event: 3.063 GC heap after
{Heap after GC invocations=3 (full 0):
 garbage-first heap   total 129024K, used 17082K [0x0000000080000000, 0x0000000100000000)
  region size 1024K, 3 young (3072K), 3 survivors (3072K)
 Metaspace       used 19208K, capacity 19585K, committed 19840K, reserved 1067008K
  class space    used 2255K, capacity 2382K, committed 2432K, reserved 1048576K
}
Event: 3.269 GC heap before
{Heap before GC invocations=3 (full 0):
 garbage-first heap   total 129024K, used 33466K [0x0000000080000000, 0x0000000100000000)
  region size 1024K, 21 young (21504K), 3 survivors (3072K)
 Metaspace       used 20821K, capacity 21198K, committed 21296K, reserved 1069056K
  class space    used 2519K, capacity 2687K, committed 2688K, reserved 1048576K
}
Event: 3.273 GC heap after
{Heap after GC invocations=4 (full 0):
 garbage-first heap   total 129024K, used 17568K [0x0000000080000000, 0x0000000100000000)
  region size 1024K, 4 young (4096K), 4 survivors (4096K)
 Metaspace       used 20821K, capacity 21198K, committed 21296K, reserved 1069056K
  class space    used 2519K, capacity 2687K, committed 2688K, reserved 1048576K
}
Event: 4.072 GC heap before
{Heap before GC invocations=5 (full 0):
 garbage-first heap   total 129024K, used 67744K [0x0000000080000000, 0x0000000100000000)
  region size 1024K, 54 young (55296K), 4 survivors (4096K)
 Metaspace       used 26182K, capacity 26789K, committed 27008K, reserved 1073152K
  class space    used 3399K, capacity 3622K, committed 3712K, reserved 1048576K
}
Event: 4.077 GC heap after
{Heap after GC invocations=6 (full 0):
 garbage-first heap   total 129024K, used 19511K [0x0000000080000000, 0x0000000100000000)
  region size 1024K, 6 young (6144K), 6 survivors (6144K)
 Metaspace       used 26182K, capacity 26789K, committed 27008K, reserved 1073152K
  class space    used 3399K, capacity 3622K, committed 3712K, reserved 1048576K
}
Event: 4.937 GC heap before
{Heap before GC invocations=6 (full 0):
 garbage-first heap   total 129024K, used 77879K [0x0000000080000000, 0x0000000100000000)
  region size 1024K, 63 young (64512K), 6 survivors (6144K)
 Metaspace       used 32088K, capacity 32849K, committed 33024K, reserved 1077248K
  class space    used 4304K, capacity 4607K, committed 4608K, reserved 1048576K
}
Event: 4.945 GC heap after
{Heap after GC invocations=7 (full 0):
 garbage-first heap   total 129024K, used 21737K [0x0000000080000000, 0x0000000100000000)
  region size 1024K, 5 young (5120K), 5 survivors (5120K)
 Metaspace       used 32088K, capacity 32849K, committed 33024K, reserved 1077248K
  class space    used 4304K, capacity 4607K, committed 4608K, reserved 1048576K
}
Event: 5.323 GC heap before
{Heap before GC invocations=7 (full 0):
 garbage-first heap   total 129024K, used 33001K [0x0000000080000000, 0x0000000100000000)
  region size 1024K, 17 young (17408K), 5 survivors (5120K)
 Metaspace       used 34921K, capacity 35832K, committed 36048K, reserved 1081344K
  class space    used 4549K, capacity 4855K, committed 4864K, reserved 1048576K
}
Event: 5.335 GC heap after
{Heap after GC invocations=8 (full 0):
 garbage-first heap   total 155648K, used 22713K [0x0000000080000000, 0x0000000100000000)
  region size 1024K, 6 young (6144K), 6 survivors (6144K)
 Metaspace       used 34921K, capacity 35832K, committed 36048K, reserved 1081344K
  class space    used 4549K, capacity 4855K, committed 4864K, reserved 1048576K
}
Event: 6.691 GC heap before
{Heap before GC invocations=9 (full 0):
 garbage-first heap   total 155648K, used 109753K [0x0000000080000000, 0x0000000100000000)
  region size 1024K, 89 young (91136K), 6 survivors (6144K)
 Metaspace       used 42489K, capacity 43540K, committed 43676K, reserved 1087488K
  class space    used 5414K, capacity 5789K, committed 5888K, reserved 1048576K
}
Event: 6.707 GC heap after
{Heap after GC invocations=10 (full 0):
 garbage-first heap   total 155648K, used 29580K [0x0000000080000000, 0x0000000100000000)
  region size 1024K, 12 young (12288K), 12 survivors (12288K)
 Metaspace       used 42489K, capacity 43540K, committed 43676K, reserved 1087488K
  class space    used 5414K, capacity 5789K, committed 5888K, reserved 1048576K
}
Event: 8.823 GC heap before
{Heap before GC invocations=10 (full 0):
 garbage-first heap   total 155648K, used 108428K [0x0000000080000000, 0x0000000100000000)
  region size 1024K, 89 young (91136K), 12 survivors (12288K)
 Metaspace       used 48952K, capacity 50151K, committed 50460K, reserved 1093632K
  class space    used 6216K, capacity 6668K, committed 6784K, reserved 1048576K
}
Event: 8.838 GC heap after
{Heap after GC invocations=11 (full 0):
 garbage-first heap   total 155648K, used 33783K [0x0000000080000000, 0x0000000100000000)
  region size 1024K, 5 young (5120K), 5 survivors (5120K)
 Metaspace       used 48952K, capacity 50151K, committed 50460K, reserved 1093632K
  class space    used 6216K, capacity 6668K, committed 6784K, reserved 1048576K
}
Event: 14.050 GC heap before
{Heap before GC invocations=11 (full 0):
 garbage-first heap   total 155648K, used 115703K [0x0000000080000000, 0x0000000100000000)
  region size 1024K, 77 young (78848K), 5 survivors (5120K)
 Metaspace       used 56924K, capacity 58223K, committed 58396K, reserved 1105920K
  class space    used 7173K, capacity 7687K, committed 7808K, reserved 1048576K
}
Event: 14.062 GC heap after
{Heap after GC invocations=12 (full 0):
 garbage-first heap   total 155648K, used 52655K [0x0000000080000000, 0x0000000100000000)
  region size 1024K, 11 young (11264K), 11 survivors (11264K)
 Metaspace       used 56924K, capacity 58223K, committed 58396K, reserved 1105920K
  class space    used 7173K, capacity 7687K, committed 7808K, reserved 1048576K
}

