# JRE version: OpenJDK Runtime Environment Corretto-11.0.18.10.1 (11.0.18+10) (build 11.0.18+10-LTS)
# Java VM: OpenJDK 64-Bit Server VM Corretto-11.0.18.10.1 (11.0.18+10-LTS, mixed mode, tiered, compressed oops, g1 gc, windows-amd64)
Heap:
 garbage-first heap   total 155648K, used 101660K [0x0000000082000000, 0x0000000100000000)
  region size 1024K, 57 young (58368K), 8 survivors (8192K)
 Metaspace       used 76651K, capacity 77411K, committed 77644K, reserved 1118208K
  class space    used 8617K, capacity 8925K, committed 9036K, reserved 1048576K
GC Heap History (16 events):
Event: 0.494 GC heap before
{Heap before GC invocations=0 (full 0):
 garbage-first heap   total 129024K, used 18432K [0x0000000082000000, 0x0000000100000000)
  region size 1024K, 14 young (14336K), 0 survivors (0K)
 Metaspace       used 9453K, capacity 9551K, committed 9856K, reserved 1058816K
  class space    used 780K, capacity 820K, committed 896K, reserved 1048576K
}
Event: 0.498 GC heap after
{Heap after GC invocations=1 (full 0):
 garbage-first heap   total 129024K, used 6366K [0x0000000082000000, 0x0000000100000000)
  region size 1024K, 2 young (2048K), 2 survivors (2048K)
 Metaspace       used 9453K, capacity 9551K, committed 9856K, reserved 1058816K
  class space    used 780K, capacity 820K, committed 896K, reserved 1048576K
}
Event: 1.672 GC heap before
{Heap before GC invocations=1 (full 0):
 garbage-first heap   total 129024K, used 54494K [0x0000000082000000, 0x0000000100000000)
  region size 1024K, 50 young (51200K), 2 survivors (2048K)
 Metaspace       used 20990K, capacity 21185K, committed 21248K, reserved 1069056K
  class space    used 2215K, capacity 2302K, committed 2304K, reserved 1048576K
}
Event: 1.687 GC heap after
{Heap after GC invocations=2 (full 0):
 garbage-first heap   total 129024K, used 10527K [0x0000000082000000, 0x0000000100000000)
  region size 1024K, 7 young (7168K), 7 survivors (7168K)
 Metaspace       used 20990K, capacity 21185K, committed 21248K, reserved 1069056K
  class space    used 2215K, capacity 2302K, committed 2304K, reserved 1048576K
}
Event: 2.600 GC heap before
{Heap before GC invocations=3 (full 0):
 garbage-first heap   total 129024K, used 66847K [0x0000000082000000, 0x0000000100000000)
  region size 1024K, 56 young (57344K), 7 survivors (7168K)
 Metaspace       used 33053K, capacity 33501K, committed 33792K, reserved 1079296K
  class space    used 4081K, capacity 4271K, committed 4352K, reserved 1048576K
}
Event: 2.616 GC heap after
{Heap after GC invocations=4 (full 0):
 garbage-first heap   total 129024K, used 23005K [0x0000000082000000, 0x0000000100000000)
  region size 1024K, 7 young (7168K), 7 survivors (7168K)
 Metaspace       used 33053K, capacity 33501K, committed 33792K, reserved 1079296K
  class space    used 4081K, capacity 4271K, committed 4352K, reserved 1048576K
}
Event: 2.817 GC heap before
{Heap before GC invocations=4 (full 0):
 garbage-first heap   total 129024K, used 34269K [0x0000000082000000, 0x0000000100000000)
  region size 1024K, 19 young (19456K), 7 survivors (7168K)
 Metaspace       used 35335K, capacity 35720K, committed 35840K, reserved 1081344K
  class space    used 4320K, capacity 4499K, committed 4608K, reserved 1048576K
}
Event: 2.826 GC heap after
{Heap after GC invocations=5 (full 0):
 garbage-first heap   total 129024K, used 24818K [0x0000000082000000, 0x0000000100000000)
  region size 1024K, 2 young (2048K), 2 survivors (2048K)
 Metaspace       used 35335K, capacity 35720K, committed 35840K, reserved 1081344K
  class space    used 4320K, capacity 4499K, committed 4608K, reserved 1048576K
}
Event: 3.866 GC heap before
{Heap before GC invocations=6 (full 0):
 garbage-first heap   total 129024K, used 85234K [0x0000000082000000, 0x0000000100000000)
  region size 1024K, 59 young (60416K), 2 survivors (2048K)
 Metaspace       used 47518K, capacity 48021K, committed 48128K, reserved 1091584K
  class space    used 5569K, capacity 5806K, committed 5888K, reserved 1048576K
}
Event: 3.879 GC heap after
{Heap after GC invocations=7 (full 0):
 garbage-first heap   total 155648K, used 30816K [0x0000000082000000, 0x0000000100000000)
  region size 1024K, 8 young (8192K), 8 survivors (8192K)
 Metaspace       used 47518K, capacity 48021K, committed 48128K, reserved 1091584K
  class space    used 5569K, capacity 5806K, committed 5888K, reserved 1048576K
}
Event: 4.913 GC heap before
{Heap before GC invocations=7 (full 0):
 garbage-first heap   total 155648K, used 96352K [0x0000000082000000, 0x0000000100000000)
  region size 1024K, 71 young (72704K), 8 survivors (8192K)
 Metaspace       used 53431K, capacity 54025K, committed 54272K, reserved 1097728K
  class space    used 6112K, capacity 6373K, committed 6400K, reserved 1048576K
}
Event: 4.929 GC heap after
{Heap after GC invocations=8 (full 0):
 garbage-first heap   total 155648K, used 38035K [0x0000000082000000, 0x0000000100000000)
  region size 1024K, 8 young (8192K), 8 survivors (8192K)
 Metaspace       used 53431K, capacity 54025K, committed 54272K, reserved 1097728K
  class space    used 6112K, capacity 6373K, committed 6400K, reserved 1048576K
}
Event: 5.880 GC heap before
{Heap before GC invocations=8 (full 0):
 garbage-first heap   total 155648K, used 98451K [0x0000000082000000, 0x0000000100000000)
  region size 1024K, 68 young (69632K), 8 survivors (8192K)
 Metaspace       used 59483K, capacity 60105K, committed 60160K, reserved 1101824K
  class space    used 6861K, capacity 7144K, committed 7168K, reserved 1048576K
}
Event: 5.917 GC heap after
{Heap after GC invocations=9 (full 0):
 garbage-first heap   total 155648K, used 44487K [0x0000000082000000, 0x0000000100000000)
  region size 1024K, 7 young (7168K), 7 survivors (7168K)
 Metaspace       used 59483K, capacity 60105K, committed 60160K, reserved 1101824K
  class space    used 6861K, capacity 7144K, committed 7168K, reserved 1048576K
}
Event: 7.187 GC heap before
{Heap before GC invocations=10 (full 0):
 garbage-first heap   total 155648K, used 108999K [0x0000000082000000, 0x0000000100000000)
  region size 1024K, 70 young (71680K), 7 survivors (7168K)
 Metaspace       used 70552K, capacity 71313K, committed 71372K, reserved 1112064K
  class space    used 8028K, capacity 8343K, committed 8396K, reserved 1048576K
}
Event: 7.219 GC heap after
{Heap after GC invocations=11 (full 0):
 garbage-first heap   total 155648K, used 52508K [0x0000000082000000, 0x0000000100000000)
  region size 1024K, 8 young (8192K), 8 survivors (8192K)
 Metaspace       used 70552K, capacity 71313K, committed 71372K, reserved 1112064K
  class space    used 8028K, capacity 8343K, committed 8396K, reserved 1048576K
}

