# JRE version: OpenJDK Runtime Environment Corretto-11.0.18.10.1 (11.0.18+10) (build 11.0.18+10-LTS)
# Java VM: OpenJDK 64-Bit Server VM Corretto-11.0.18.10.1 (11.0.18+10-LTS, mixed mode, tiered, compressed oops, g1 gc, windows-amd64)
Heap:
 garbage-first heap   total 187392K, used 49495K [0x0000000080000000, 0x0000000100000000)
  region size 1024K, 9 young (9216K), 9 survivors (9216K)
 Metaspace       used 50075K, capacity 51387K, committed 51664K, reserved 1093632K
  class space    used 6359K, capacity 6853K, committed 6912K, reserved 1048576K
GC Heap History (20 events):
Event: 0.534 GC heap after
{Heap after GC invocations=1 (full 0):
 garbage-first heap   total 129024K, used 3957K [0x0000000080000000, 0x0000000100000000)
  region size 1024K, 2 young (2048K), 2 survivors (2048K)
 Metaspace       used 6753K, capacity 6935K, committed 7168K, reserved 1056768K
  class space    used 571K, capacity 649K, committed 768K, reserved 1048576K
}
Event: 1.203 GC heap before
{Heap before GC invocations=1 (full 0):
 garbage-first heap   total 129024K, used 37749K [0x0000000080000000, 0x0000000100000000)
  region size 1024K, 32 young (32768K), 2 survivors (2048K)
 Metaspace       used 10859K, capacity 11083K, committed 11264K, reserved 1058816K
  class space    used 1112K, capacity 1206K, committed 1280K, reserved 1048576K
}
Event: 1.207 GC heap after
{Heap after GC invocations=2 (full 0):
 garbage-first heap   total 129024K, used 9643K [0x0000000080000000, 0x0000000100000000)
  region size 1024K, 4 young (4096K), 4 survivors (4096K)
 Metaspace       used 10859K, capacity 11083K, committed 11264K, reserved 1058816K
  class space    used 1112K, capacity 1206K, committed 1280K, reserved 1048576K
}
Event: 1.660 GC heap before
{Heap before GC invocations=2 (full 0):
 garbage-first heap   total 129024K, used 41387K [0x0000000080000000, 0x0000000100000000)
  region size 1024K, 35 young (35840K), 4 survivors (4096K)
 Metaspace       used 14175K, capacity 14464K, committed 14720K, reserved 1062912K
  class space    used 1562K, capacity 1652K, committed 1664K, reserved 1048576K
}
Event: 1.678 GC heap after
{Heap after GC invocations=3 (full 0):
 garbage-first heap   total 129024K, used 14884K [0x0000000080000000, 0x0000000100000000)
  region size 1024K, 5 young (5120K), 5 survivors (5120K)
 Metaspace       used 14175K, capacity 14464K, committed 14720K, reserved 1062912K
  class space    used 1562K, capacity 1652K, committed 1664K, reserved 1048576K
}
Event: 2.773 GC heap before
{Heap before GC invocations=3 (full 0):
 garbage-first heap   total 129024K, used 52772K [0x0000000080000000, 0x0000000100000000)
  region size 1024K, 42 young (43008K), 5 survivors (5120K)
 Metaspace       used 20221K, capacity 20632K, committed 20864K, reserved 1067008K
  class space    used 2429K, capacity 2582K, committed 2688K, reserved 1048576K
}
Event: 2.778 GC heap after
{Heap after GC invocations=4 (full 0):
 garbage-first heap   total 129024K, used 17034K [0x0000000080000000, 0x0000000100000000)
  region size 1024K, 2 young (2048K), 2 survivors (2048K)
 Metaspace       used 20221K, capacity 20632K, committed 20864K, reserved 1067008K
  class space    used 2429K, capacity 2582K, committed 2688K, reserved 1048576K
}
Event: 2.846 GC heap before
{Heap before GC invocations=4 (full 0):
 garbage-first heap   total 129024K, used 24202K [0x0000000080000000, 0x0000000100000000)
  region size 1024K, 10 young (10240K), 2 survivors (2048K)
 Metaspace       used 20803K, capacity 21198K, committed 21296K, reserved 1069056K
  class space    used 2520K, capacity 2687K, committed 2688K, reserved 1048576K
}
Event: 2.849 GC heap after
{Heap after GC invocations=5 (full 0):
 garbage-first heap   total 129024K, used 17238K [0x0000000080000000, 0x0000000100000000)
  region size 1024K, 3 young (3072K), 3 survivors (3072K)
 Metaspace       used 20803K, capacity 21198K, committed 21296K, reserved 1069056K
  class space    used 2520K, capacity 2687K, committed 2688K, reserved 1048576K
}
Event: 3.320 GC heap before
{Heap before GC invocations=6 (full 0):
 garbage-first heap   total 129024K, used 62294K [0x0000000080000000, 0x0000000100000000)
  region size 1024K, 47 young (48128K), 3 survivors (3072K)
 Metaspace       used 25384K, capacity 25951K, committed 25984K, reserved 1071104K
  class space    used 3260K, capacity 3448K, committed 3456K, reserved 1048576K
}
Event: 3.324 GC heap after
{Heap after GC invocations=7 (full 0):
 garbage-first heap   total 129024K, used 18968K [0x0000000080000000, 0x0000000100000000)
  region size 1024K, 4 young (4096K), 4 survivors (4096K)
 Metaspace       used 25384K, capacity 25951K, committed 25984K, reserved 1071104K
  class space    used 3260K, capacity 3448K, committed 3456K, reserved 1048576K
}
Event: 4.294 GC heap before
{Heap before GC invocations=7 (full 0):
 garbage-first heap   total 129024K, used 86552K [0x0000000080000000, 0x0000000100000000)
  region size 1024K, 70 young (71680K), 4 survivors (4096K)
 Metaspace       used 32449K, capacity 33236K, committed 33408K, reserved 1077248K
  class space    used 4344K, capacity 4649K, committed 4736K, reserved 1048576K
}
Event: 4.303 GC heap after
{Heap after GC invocations=8 (full 0):
 garbage-first heap   total 155648K, used 21013K [0x0000000080000000, 0x0000000100000000)
  region size 1024K, 6 young (6144K), 6 survivors (6144K)
 Metaspace       used 32449K, capacity 33236K, committed 33408K, reserved 1077248K
  class space    used 4344K, capacity 4649K, committed 4736K, reserved 1048576K
}
Event: 4.972 GC heap before
{Heap before GC invocations=8 (full 0):
 garbage-first heap   total 155648K, used 30229K [0x0000000080000000, 0x0000000100000000)
  region size 1024K, 16 young (16384K), 6 survivors (6144K)
 Metaspace       used 34920K, capacity 35832K, committed 36048K, reserved 1081344K
  class space    used 4546K, capacity 4855K, committed 4864K, reserved 1048576K
}
Event: 4.985 GC heap after
{Heap after GC invocations=9 (full 0):
 garbage-first heap   total 155648K, used 22544K [0x0000000080000000, 0x0000000100000000)
  region size 1024K, 6 young (6144K), 6 survivors (6144K)
 Metaspace       used 34920K, capacity 35832K, committed 36048K, reserved 1081344K
  class space    used 4546K, capacity 4855K, committed 4864K, reserved 1048576K
}
Event: 5.861 GC heap before
{Heap before GC invocations=10 (full 0):
 garbage-first heap   total 155648K, used 90128K [0x0000000080000000, 0x0000000100000000)
  region size 1024K, 70 young (71680K), 6 survivors (6144K)
 Metaspace       used 40963K, capacity 41930K, committed 42192K, reserved 1085440K
  class space    used 5192K, capacity 5558K, committed 5632K, reserved 1048576K
}
Event: 5.872 GC heap after
{Heap after GC invocations=11 (full 0):
 garbage-first heap   total 155648K, used 28486K [0x0000000080000000, 0x0000000100000000)
  region size 1024K, 9 young (9216K), 9 survivors (9216K)
 Metaspace       used 40963K, capacity 41930K, committed 42192K, reserved 1085440K
  class space    used 5192K, capacity 5558K, committed 5632K, reserved 1048576K
}
Event: 6.613 GC heap before
{Heap before GC invocations=11 (full 0):
 garbage-first heap   total 155648K, used 95046K [0x0000000080000000, 0x0000000100000000)
  region size 1024K, 74 young (75776K), 9 survivors (9216K)
 Metaspace       used 46791K, capacity 47872K, committed 48080K, reserved 1091584K
  class space    used 5963K, capacity 6379K, committed 6400K, reserved 1048576K
}
Event: 6.624 GC heap after
{Heap after GC invocations=12 (full 0):
 garbage-first heap   total 155648K, used 31552K [0x0000000080000000, 0x0000000100000000)
  region size 1024K, 4 young (4096K), 4 survivors (4096K)
 Metaspace       used 46791K, capacity 47872K, committed 48080K, reserved 1091584K
  class space    used 5963K, capacity 6379K, committed 6400K, reserved 1048576K
}
Event: 7.517 GC heap before
{Heap before GC invocations=12 (full 0):
 garbage-first heap   total 155648K, used 108352K [0x0000000080000000, 0x0000000100000000)
  region size 1024K, 71 young (72704K), 4 survivors (4096K)
 Metaspace       used 50075K, capacity 51387K, committed 51664K, reserved 1093632K
  class space    used 6359K, capacity 6853K, committed 6912K, reserved 1048576K
}

